C:\Program Files\Microsoft Visual Studio\2022\Community\MSBuild\Microsoft\VC\v170\Microsoft.CppBuild.targets(514,5): warning MSB8028: The intermediate directory (x64\Release\) contains files shared from another project (Valovlay-Ring3.vcxproj).  This can lead to incorrect clean and rebuild behavior.
  Valovlay-Ring3.cpp
D:\ez pzy\ESP\Valovlay-Ring3\defs.h(106,1): warning C4005: 'LOBYTE': macro redefinition
C:\Program Files (x86)\Windows Kits\10\Include\10.0.19041.0\shared\minwindef.h(206): message : see previous definition of 'LOBYTE'
D:\ez pzy\ESP\Valovlay-Ring3\defs.h(107,1): warning C4005: 'LOWORD': macro redefinition
C:\Program Files (x86)\Windows Kits\10\Include\10.0.19041.0\shared\minwindef.h(204): message : see previous definition of 'LOWORD'
D:\ez pzy\ESP\Valovlay-Ring3\defs.h(109,1): warning C4005: 'HIBYTE': macro redefinition
C:\Program Files (x86)\Windows Kits\10\Include\10.0.19041.0\shared\minwindef.h(207): message : see previous definition of 'HIBYTE'
D:\ez pzy\ESP\Valovlay-Ring3\defs.h(110,1): warning C4005: 'HIWORD': macro redefinition
C:\Program Files (x86)\Windows Kits\10\Include\10.0.19041.0\shared\minwindef.h(205): message : see previous definition of 'HIWORD'
D:\ez pzy\ESP\Valovlay-Ring3\defs.h(411,17): warning C4244: '=': conversion from 'unsigned __int64' to 'int', possible loss of data
D:\ez pzy\ESP\Valovlay-Ring3\defs.h(416,13): warning C4244: '=': conversion from 'unsigned __int64' to 'int', possible loss of data
D:\ez pzy\ESP\Valovlay-Ring3\defs.h(419,15): warning C4244: '=': conversion from 'unsigned __int64' to 'unsigned int', possible loss of data
D:\ez pzy\ESP\Valovlay-Ring3\driver.h(218,59): warning C4311: 'type cast': pointer truncation from 'HMODULE' to 'DWORD'
D:\ez pzy\ESP\Valovlay-Ring3\driver.h(218,59): warning C4302: 'type cast': truncation from 'HMODULE' to 'DWORD'
D:\ez pzy\ESP\Valovlay-Ring3\vector.h(7,1): warning C4005: 'M_PI': macro redefinition
D:\ez pzy\ESP\Valovlay-Ring3\stdafx.h(21): message : see previous definition of 'M_PI'
D:\ez pzy\ESP\Valovlay-Ring3\vector.h(258,67): warning C4099: 'Vector3': type name first seen using 'class' now seen using 'struct'
D:\ez pzy\ESP\Valovlay-Ring3\vector.h(13): message : see declaration of 'Vector3'
D:\ez pzy\ESP\Valovlay-Ring3\vector.h(260,63): warning C4099: 'Vector3': type name first seen using 'class' now seen using 'struct'
D:\ez pzy\ESP\Valovlay-Ring3\vector.h(13): message : see declaration of 'Vector3'
D:\ez pzy\ESP\Valovlay-Ring3\game.h(545,193): warning C4244: 'argument': conversion from 'double' to 'float', possible loss of data
D:\ez pzy\ESP\Valovlay-Ring3\game.h(545,175): warning C4244: 'argument': conversion from 'double' to 'float', possible loss of data
D:\ez pzy\ESP\Valovlay-Ring3\game.h(545,157): warning C4244: 'argument': conversion from 'double' to 'float', possible loss of data
D:\ez pzy\ESP\Valovlay-Ring3\game.h(545,139): warning C4244: 'argument': conversion from 'double' to 'float', possible loss of data
D:\ez pzy\ESP\Valovlay-Ring3\game.h(555,22): warning C4244: 'initializing': conversion from 'float' to 'int', possible loss of data
D:\ez pzy\ESP\Valovlay-Ring3\game.h(560,20): warning C4244: 'initializing': conversion from 'float' to 'int', possible loss of data
D:\ez pzy\ESP\Valovlay-Ring3\game.h(561,20): warning C4244: 'initializing': conversion from 'float' to 'int', possible loss of data
D:\ez pzy\ESP\Valovlay-Ring3\game.h(562,20): warning C4244: 'initializing': conversion from 'float' to 'int', possible loss of data
D:\ez pzy\ESP\Valovlay-Ring3\game.h(563,20): warning C4244: 'initializing': conversion from 'float' to 'int', possible loss of data
D:\ez pzy\ESP\Valovlay-Ring3\game.h(564,21): warning C4244: 'initializing': conversion from 'float' to 'int', possible loss of data
D:\ez pzy\ESP\Valovlay-Ring3\game.h(565,21): warning C4244: 'initializing': conversion from 'float' to 'int', possible loss of data
D:\ez pzy\ESP\Valovlay-Ring3\game.h(566,19): warning C4244: 'initializing': conversion from 'float' to 'int', possible loss of data
D:\ez pzy\ESP\Valovlay-Ring3\game.h(567,19): warning C4244: 'initializing': conversion from 'float' to 'int', possible loss of data
D:\ez pzy\ESP\Valovlay-Ring3\game.h(568,62): warning C4244: 'argument': conversion from 'int' to 'float', possible loss of data
D:\ez pzy\ESP\Valovlay-Ring3\game.h(568,53): warning C4244: 'argument': conversion from 'int' to 'float', possible loss of data
D:\ez pzy\ESP\Valovlay-Ring3\game.h(568,86): warning C4244: 'argument': conversion from 'int' to 'float', possible loss of data
D:\ez pzy\ESP\Valovlay-Ring3\game.h(568,79): warning C4244: 'argument': conversion from 'int' to 'float', possible loss of data
D:\ez pzy\ESP\Valovlay-Ring3\game.h(568,195): warning C4244: 'argument': conversion from 'double' to 'float', possible loss of data
D:\ez pzy\ESP\Valovlay-Ring3\game.h(568,177): warning C4244: 'argument': conversion from 'double' to 'float', possible loss of data
D:\ez pzy\ESP\Valovlay-Ring3\game.h(568,159): warning C4244: 'argument': conversion from 'double' to 'float', possible loss of data
D:\ez pzy\ESP\Valovlay-Ring3\game.h(568,141): warning C4244: 'argument': conversion from 'double' to 'float', possible loss of data
D:\ez pzy\ESP\Valovlay-Ring3\game.h(575,38): warning C4267: 'initializing': conversion from 'size_t' to 'int', possible loss of data
D:\ez pzy\ESP\Valovlay-Ring3\game.h(608,19): warning C4244: '=': conversion from 'float' to 'int', possible loss of data
D:\ez pzy\ESP\Valovlay-Ring3\game.h(609,19): warning C4244: '=': conversion from 'float' to 'int', possible loss of data
D:\ez pzy\ESP\Valovlay-Ring3\game.h(613,94): warning C4244: 'argument': conversion from 'int' to 'float', possible loss of data
D:\ez pzy\ESP\Valovlay-Ring3\game.h(613,87): warning C4244: 'argument': conversion from 'int' to 'float', possible loss of data
D:\ez pzy\ESP\Valovlay-Ring3\game.h(614,94): warning C4244: 'argument': conversion from 'int' to 'float', possible loss of data
D:\ez pzy\ESP\Valovlay-Ring3\game.h(614,87): warning C4244: 'argument': conversion from 'int' to 'float', possible loss of data
D:\ez pzy\ESP\Valovlay-Ring3\game.h(615,94): warning C4244: 'argument': conversion from 'int' to 'float', possible loss of data
D:\ez pzy\ESP\Valovlay-Ring3\game.h(615,87): warning C4244: 'argument': conversion from 'int' to 'float', possible loss of data
D:\ez pzy\ESP\Valovlay-Ring3\game.h(616,94): warning C4244: 'argument': conversion from 'int' to 'float', possible loss of data
D:\ez pzy\ESP\Valovlay-Ring3\game.h(616,87): warning C4244: 'argument': conversion from 'int' to 'float', possible loss of data
D:\ez pzy\ESP\Valovlay-Ring3\game.h(618,84): warning C4244: 'argument': conversion from 'int' to 'float', possible loss of data
D:\ez pzy\ESP\Valovlay-Ring3\game.h(618,81): warning C4244: 'argument': conversion from 'int' to 'float', possible loss of data
D:\ez pzy\ESP\Valovlay-Ring3\game.h(618,189): warning C4244: 'argument': conversion from 'double' to 'float', possible loss of data
D:\ez pzy\ESP\Valovlay-Ring3\game.h(618,171): warning C4244: 'argument': conversion from 'double' to 'float', possible loss of data
D:\ez pzy\ESP\Valovlay-Ring3\game.h(618,153): warning C4244: 'argument': conversion from 'double' to 'float', possible loss of data
D:\ez pzy\ESP\Valovlay-Ring3\game.h(618,135): warning C4244: 'argument': conversion from 'double' to 'float', possible loss of data
D:\ez pzy\ESP\Valovlay-Ring3\game.h(745,65): warning C4244: 'argument': conversion from 'int' to 'float', possible loss of data
D:\ez pzy\ESP\Valovlay-Ring3\game.h(745,62): warning C4244: 'argument': conversion from 'int' to 'float', possible loss of data
D:\ez pzy\ESP\Valovlay-Ring3\game.h(745,85): warning C4244: 'argument': conversion from 'int' to 'float', possible loss of data
D:\ez pzy\ESP\Valovlay-Ring3\game.h(745,78): warning C4244: 'argument': conversion from 'int' to 'float', possible loss of data
D:\ez pzy\ESP\Valovlay-Ring3\game.h(745,192): warning C4244: 'argument': conversion from 'double' to 'float', possible loss of data
D:\ez pzy\ESP\Valovlay-Ring3\game.h(745,174): warning C4244: 'argument': conversion from 'double' to 'float', possible loss of data
D:\ez pzy\ESP\Valovlay-Ring3\game.h(745,156): warning C4244: 'argument': conversion from 'double' to 'float', possible loss of data
D:\ez pzy\ESP\Valovlay-Ring3\game.h(745,138): warning C4244: 'argument': conversion from 'double' to 'float', possible loss of data
D:\ez pzy\ESP\Valovlay-Ring3\game.h(752,28): warning C4838: conversion from 'int' to 'DWORD' requires a narrowing conversion
D:\ez pzy\ESP\Valovlay-Ring3\game.h(752,31): warning C4838: conversion from 'int' to 'DWORD' requires a narrowing conversion
D:\ez pzy\ESP\Valovlay-Ring3\game.h(783,64): warning C4244: 'argument': conversion from 'int' to 'float', possible loss of data
D:\ez pzy\ESP\Valovlay-Ring3\game.h(783,61): warning C4244: 'argument': conversion from 'int' to 'float', possible loss of data
D:\ez pzy\ESP\Valovlay-Ring3\game.h(783,177): warning C4244: 'argument': conversion from 'double' to 'float', possible loss of data
D:\ez pzy\ESP\Valovlay-Ring3\game.h(783,159): warning C4244: 'argument': conversion from 'double' to 'float', possible loss of data
D:\ez pzy\ESP\Valovlay-Ring3\game.h(783,141): warning C4244: 'argument': conversion from 'double' to 'float', possible loss of data
D:\ez pzy\ESP\Valovlay-Ring3\game.h(783,123): warning C4244: 'argument': conversion from 'double' to 'float', possible loss of data
D:\ez pzy\ESP\Valovlay-Ring3\game.h(783,68): warning C4244: 'argument': conversion from 'int' to 'float', possible loss of data
D:\ez pzy\ESP\Valovlay-Ring3\game.h(787,58): warning C4244: 'argument': conversion from 'int' to 'float', possible loss of data
D:\ez pzy\ESP\Valovlay-Ring3\game.h(787,55): warning C4244: 'argument': conversion from 'int' to 'float', possible loss of data
D:\ez pzy\ESP\Valovlay-Ring3\game.h(787,171): warning C4244: 'argument': conversion from 'double' to 'float', possible loss of data
D:\ez pzy\ESP\Valovlay-Ring3\game.h(787,153): warning C4244: 'argument': conversion from 'double' to 'float', possible loss of data
D:\ez pzy\ESP\Valovlay-Ring3\game.h(787,135): warning C4244: 'argument': conversion from 'double' to 'float', possible loss of data
D:\ez pzy\ESP\Valovlay-Ring3\game.h(787,117): warning C4244: 'argument': conversion from 'double' to 'float', possible loss of data
D:\ez pzy\ESP\Valovlay-Ring3\game.h(787,62): warning C4244: 'argument': conversion from 'int' to 'float', possible loss of data
D:\ez pzy\ESP\Valovlay-Ring3\game.h(830,30): warning C4477: 'sprintf_s' : format string '%s' requires an argument of type 'char *', but variadic argument 1 has type 'std::string'
D:\ez pzy\ESP\Valovlay-Ring3\game.h(840,51): warning C4244: 'argument': conversion from 'float' to 'int', possible loss of data
D:\ez pzy\ESP\Valovlay-Ring3\game.h(886,34): warning C4477: 'sprintf_s' : format string '%s' requires an argument of type 'char *', but variadic argument 1 has type 'std::string'
D:\ez pzy\ESP\Valovlay-Ring3\game.h(887,82): warning C4244: 'argument': conversion from 'float' to 'int', possible loss of data
D:\ez pzy\ESP\Valovlay-Ring3\game.h(887,57): warning C4244: 'argument': conversion from 'float' to 'int', possible loss of data
D:\ez pzy\ESP\Valovlay-Ring3\game.h(895,72): warning C4244: 'argument': conversion from 'float' to 'int', possible loss of data
D:\ez pzy\ESP\Valovlay-Ring3\game.h(895,66): warning C4244: 'argument': conversion from 'float' to 'int', possible loss of data
D:\ez pzy\ESP\Valovlay-Ring3\game.h(895,48): warning C4244: 'argument': conversion from 'float' to 'int', possible loss of data
D:\ez pzy\ESP\Valovlay-Ring3\game.h(900,89): warning C4244: 'argument': conversion from 'float' to 'int', possible loss of data
D:\ez pzy\ESP\Valovlay-Ring3\game.h(900,79): warning C4244: 'argument': conversion from 'float' to 'int', possible loss of data
D:\ez pzy\ESP\Valovlay-Ring3\game.h(900,75): warning C4244: 'argument': conversion from 'float' to 'int', possible loss of data
D:\ez pzy\ESP\Valovlay-Ring3\game.h(900,39): warning C4244: 'argument': conversion from 'float' to 'int', possible loss of data
D:\ez pzy\ESP\Valovlay-Ring3\game.h(904,83): warning C4244: 'argument': conversion from 'int' to 'float', possible loss of data
D:\ez pzy\ESP\Valovlay-Ring3\game.h(904,69): warning C4244: 'argument': conversion from 'int' to 'float', possible loss of data
D:\ez pzy\ESP\Valovlay-Ring3\game.h(909,88): warning C4244: 'argument': conversion from 'float' to 'int', possible loss of data
D:\ez pzy\ESP\Valovlay-Ring3\game.h(909,74): warning C4244: 'argument': conversion from 'float' to 'int', possible loss of data
D:\ez pzy\ESP\Valovlay-Ring3\game.h(909,64): warning C4244: 'argument': conversion from 'float' to 'int', possible loss of data
D:\ez pzy\ESP\Valovlay-Ring3\game.h(909,60): warning C4244: 'argument': conversion from 'float' to 'int', possible loss of data
D:\ez pzy\ESP\Valovlay-Ring3\game.h(909,38): warning C4244: 'argument': conversion from 'float' to 'int', possible loss of data
D:\ez pzy\ESP\Valovlay-Ring3\game.h(1024,48): warning C4244: 'argument': conversion from 'const T' to 'const uint32_t', possible loss of data
          with
          [
              T=uintptr_t
          ]
D:\ez pzy\ESP\Valovlay-Ring3\game.h(1091,48): warning C4244: 'argument': conversion from 'uintptr_t' to 'int', possible loss of data
LINK : warning LNK4098: defaultlib 'LIBCMT' conflicts with use of other libs; use /NODEFAULTLIB:library
LINK : warning LNK4098: defaultlib 'MSVCRTD' conflicts with use of other libs; use /NODEFAULTLIB:library
  Generating code
  0 of 1643 functions ( 0.0%) were compiled, the rest were copied from previous compilation.
    0 functions were new in current compilation
    0 functions had inline decision re-evaluated but remain unchanged
  Finished generating code
glew32s.lib(glew.obj) : warning LNK4099: PDB 'vc120.pdb' was not found with 'glew32s.lib(glew.obj)' or at 'D:\ez pzy\ESP\x64\Release\vc120.pdb'; linking object as if no debug info
glfw3.lib(input.obj) : warning LNK4099: PDB 'glfw3.pdb' was not found with 'glfw3.lib(input.obj)' or at 'D:\ez pzy\ESP\x64\Release\glfw3.pdb'; linking object as if no debug info
glfw3.lib(window.obj) : warning LNK4099: PDB 'glfw3.pdb' was not found with 'glfw3.lib(window.obj)' or at 'D:\ez pzy\ESP\x64\Release\glfw3.pdb'; linking object as if no debug info
glfw3.lib(win32_window.obj) : warning LNK4099: PDB 'glfw3.pdb' was not found with 'glfw3.lib(win32_window.obj)' or at 'D:\ez pzy\ESP\x64\Release\glfw3.pdb'; linking object as if no debug info
glfw3.lib(init.obj) : warning LNK4099: PDB 'glfw3.pdb' was not found with 'glfw3.lib(init.obj)' or at 'D:\ez pzy\ESP\x64\Release\glfw3.pdb'; linking object as if no debug info
glfw3.lib(context.obj) : warning LNK4099: PDB 'glfw3.pdb' was not found with 'glfw3.lib(context.obj)' or at 'D:\ez pzy\ESP\x64\Release\glfw3.pdb'; linking object as if no debug info
glfw3.lib(monitor.obj) : warning LNK4099: PDB 'glfw3.pdb' was not found with 'glfw3.lib(monitor.obj)' or at 'D:\ez pzy\ESP\x64\Release\glfw3.pdb'; linking object as if no debug info
glfw3.lib(win32_joystick.obj) : warning LNK4099: PDB 'glfw3.pdb' was not found with 'glfw3.lib(win32_joystick.obj)' or at 'D:\ez pzy\ESP\x64\Release\glfw3.pdb'; linking object as if no debug info
glfw3.lib(win32_time.obj) : warning LNK4099: PDB 'glfw3.pdb' was not found with 'glfw3.lib(win32_time.obj)' or at 'D:\ez pzy\ESP\x64\Release\glfw3.pdb'; linking object as if no debug info
glfw3.lib(win32_thread.obj) : warning LNK4099: PDB 'glfw3.pdb' was not found with 'glfw3.lib(win32_thread.obj)' or at 'D:\ez pzy\ESP\x64\Release\glfw3.pdb'; linking object as if no debug info
glfw3.lib(wgl_context.obj) : warning LNK4099: PDB 'glfw3.pdb' was not found with 'glfw3.lib(wgl_context.obj)' or at 'D:\ez pzy\ESP\x64\Release\glfw3.pdb'; linking object as if no debug info
glfw3.lib(win32_init.obj) : warning LNK4099: PDB 'glfw3.pdb' was not found with 'glfw3.lib(win32_init.obj)' or at 'D:\ez pzy\ESP\x64\Release\glfw3.pdb'; linking object as if no debug info
glfw3.lib(win32_monitor.obj) : warning LNK4099: PDB 'glfw3.pdb' was not found with 'glfw3.lib(win32_monitor.obj)' or at 'D:\ez pzy\ESP\x64\Release\glfw3.pdb'; linking object as if no debug info
glfw3.lib(egl_context.obj) : warning LNK4099: PDB 'glfw3.pdb' was not found with 'glfw3.lib(egl_context.obj)' or at 'D:\ez pzy\ESP\x64\Release\glfw3.pdb'; linking object as if no debug info
glfw3.lib(osmesa_context.obj) : warning LNK4099: PDB 'glfw3.pdb' was not found with 'glfw3.lib(osmesa_context.obj)' or at 'D:\ez pzy\ESP\x64\Release\glfw3.pdb'; linking object as if no debug info
glfw3.lib(vulkan.obj) : warning LNK4099: PDB 'glfw3.pdb' was not found with 'glfw3.lib(vulkan.obj)' or at 'D:\ez pzy\ESP\x64\Release\glfw3.pdb'; linking object as if no debug info
  Valovlay-Ring3.vcxproj -> D:\ez pzy\ESP\x64\Release\ESP.exe
