d:\v4l0vl4y-master\1 - copy\valovlay-ring3\x64\release\vc143.pdb
d:\v4l0vl4y-master\1 - copy\valovlay-ring3\x64\release\valovlay-ring3.obj
d:\v4l0vl4y-master\1 - copy\valovlay-ring3\x64\release\imgui_widgets.obj
d:\v4l0vl4y-master\1 - copy\valovlay-ring3\x64\release\imgui_tables.obj
d:\v4l0vl4y-master\1 - copy\valovlay-ring3\x64\release\imgui_impl_opengl3.obj
d:\v4l0vl4y-master\1 - copy\valovlay-ring3\x64\release\imgui_impl_glfw.obj
d:\v4l0vl4y-master\1 - copy\valovlay-ring3\x64\release\imgui_draw.obj
d:\v4l0vl4y-master\1 - copy\valovlay-ring3\x64\release\imgui_demo.obj
d:\v4l0vl4y-master\1 - copy\valovlay-ring3\x64\release\imgui.obj
d:\v4l0vl4y-master\1 - copy\x64\release\valovlay-ring3.exe
d:\v4l0vl4y-master\1 - copy\valovlay-ring3\x64\release\valovlay-ring3.ipdb
d:\v4l0vl4y-master\1 - copy\x64\release\valovlay-ring3.pdb
d:\v4l0vl4y-master\1 - copy\valovlay-ring3\x64\release\valovlay-ring3.iobj
d:\v4l0vl4y-master\1 - copy\valovlay-ring3\x64\release\valovlay-ring3.res
d:\v4l0vl4y-master\1 - copy\valovlay-ring3\x64\release\valovlay-ring3.tlog\cl.command.1.tlog
d:\v4l0vl4y-master\1 - copy\valovlay-ring3\x64\release\valovlay-ring3.tlog\cl.read.1.tlog
d:\v4l0vl4y-master\1 - copy\valovlay-ring3\x64\release\valovlay-ring3.tlog\cl.write.1.tlog
d:\v4l0vl4y-master\1 - copy\valovlay-ring3\x64\release\valovlay-ring3.tlog\link.command.1.tlog
d:\v4l0vl4y-master\1 - copy\valovlay-ring3\x64\release\valovlay-ring3.tlog\link.read.1.tlog
d:\v4l0vl4y-master\1 - copy\valovlay-ring3\x64\release\valovlay-ring3.tlog\link.write.1.tlog
d:\v4l0vl4y-master\1 - copy\valovlay-ring3\x64\release\valovlay-ring3.tlog\rc.command.1.tlog
d:\v4l0vl4y-master\1 - copy\valovlay-ring3\x64\release\valovlay-ring3.tlog\rc.read.1.tlog
d:\v4l0vl4y-master\1 - copy\valovlay-ring3\x64\release\valovlay-ring3.tlog\rc.write.1.tlog
